0 info it worked if it ends with ok
1 verbose cli [ '/usr/bin/node', '/usr/bin/npm', 'install', '-g', 'bower' ]
2 info using npm@2.15.0
3 info using node@v0.12.13
4 verbose node symlink /usr/bin/node
5 verbose install initial load of /usr/lib/package.json
6 verbose readDependencies loading dependencies from /usr/lib/package.json
7 silly cache add args [ 'bower', null ]
8 verbose cache add spec bower
9 silly cache add parsed spec { raw: 'bower',
9 silly cache add   scope: null,
9 silly cache add   name: 'bower',
9 silly cache add   rawSpec: '',
9 silly cache add   spec: 'latest',
9 silly cache add   type: 'tag' }
10 silly addNamed bower@latest
11 verbose addNamed "latest" is being treated as a dist-tag for bower
12 info addNameTag [ 'bower', 'latest' ]
13 silly mapToRegistry name bower
14 silly mapToRegistry using default registry
15 silly mapToRegistry registry https://registry.npmjs.org/
16 silly mapToRegistry data { raw: 'bower',
16 silly mapToRegistry   scope: null,
16 silly mapToRegistry   name: 'bower',
16 silly mapToRegistry   rawSpec: '',
16 silly mapToRegistry   spec: 'latest',
16 silly mapToRegistry   type: 'tag' }
17 silly mapToRegistry uri https://registry.npmjs.org/bower
18 verbose addNameTag registry:https://registry.npmjs.org/bower not in flight; fetching
19 verbose request uri https://registry.npmjs.org/bower
20 verbose request no auth needed
21 info attempt registry request try #1 at 7:19:35 PM
22 verbose request id ae7dc666aa3816dc
23 http request GET https://registry.npmjs.org/bower
24 http 200 https://registry.npmjs.org/bower
25 verbose headers { server: 'CouchDB/1.5.0 (Erlang OTP/R16B03)',
25 verbose headers   etag: '"841KH7DU7F4OGDN3QIC56ZUSN"',
25 verbose headers   'content-type': 'application/json',
25 verbose headers   'content-encoding': 'gzip',
25 verbose headers   'cache-control': 'max-age=300',
25 verbose headers   'content-length': '20421',
25 verbose headers   'accept-ranges': 'bytes',
25 verbose headers   date: 'Fri, 06 May 2016 13:49:35 GMT',
25 verbose headers   via: '1.1 varnish',
25 verbose headers   age: '97',
25 verbose headers   connection: 'keep-alive',
25 verbose headers   'x-served-by': 'cache-sin6927-SIN',
25 verbose headers   'x-cache': 'HIT',
25 verbose headers   'x-cache-hits': '1',
25 verbose headers   'x-timer': 'S1462542575.681884,VS0,VE0',
25 verbose headers   vary: 'Accept-Encoding' }
26 silly get cb [ 200,
26 silly get   { server: 'CouchDB/1.5.0 (Erlang OTP/R16B03)',
26 silly get     etag: '"841KH7DU7F4OGDN3QIC56ZUSN"',
26 silly get     'content-type': 'application/json',
26 silly get     'content-encoding': 'gzip',
26 silly get     'cache-control': 'max-age=300',
26 silly get     'content-length': '20421',
26 silly get     'accept-ranges': 'bytes',
26 silly get     date: 'Fri, 06 May 2016 13:49:35 GMT',
26 silly get     via: '1.1 varnish',
26 silly get     age: '97',
26 silly get     connection: 'keep-alive',
26 silly get     'x-served-by': 'cache-sin6927-SIN',
26 silly get     'x-cache': 'HIT',
26 silly get     'x-cache-hits': '1',
26 silly get     'x-timer': 'S1462542575.681884,VS0,VE0',
26 silly get     vary: 'Accept-Encoding' } ]
27 verbose get saving bower to /home/riteshs/.npm/registry.npmjs.org/bower/.cache.json
28 verbose correctMkdir /home/riteshs/.npm correctMkdir not in flight; initializing
29 verbose makeDirectory /home/riteshs/.npm creation not in flight; initializing
30 silly makeDirectory /home/riteshs/.npm uid: 1010 gid: 1010
31 silly addNameTag next cb for bower with tag latest
32 silly addNamed bower@1.7.9
33 verbose addNamed "1.7.9" is a plain semver version for bower
34 silly mapToRegistry name bower
35 silly mapToRegistry using default registry
36 silly mapToRegistry registry https://registry.npmjs.org/
37 silly mapToRegistry data { raw: 'bower',
37 silly mapToRegistry   scope: null,
37 silly mapToRegistry   name: 'bower',
37 silly mapToRegistry   rawSpec: '',
37 silly mapToRegistry   spec: 'latest',
37 silly mapToRegistry   type: 'tag' }
38 silly mapToRegistry uri https://registry.npmjs.org/bower
39 verbose addRemoteTarball https://registry.npmjs.org/bower/-/bower-1.7.9.tgz not in flight; adding
40 verbose addRemoteTarball [ 'https://registry.npmjs.org/bower/-/bower-1.7.9.tgz',
40 verbose addRemoteTarball   'b7296c2393e0d75edaa6ca39648132dd255812b0' ]
41 info retry fetch attempt 1 at 7:19:35 PM
42 info attempt registry request try #1 at 7:19:35 PM
43 http fetch GET https://registry.npmjs.org/bower/-/bower-1.7.9.tgz
44 http fetch 200 https://registry.npmjs.org/bower/-/bower-1.7.9.tgz
45 silly fetchAndShaCheck shasum b7296c2393e0d75edaa6ca39648132dd255812b0
46 verbose addTmpTarball /tmp/npm-13683-059688b5/registry.npmjs.org/bower/-/bower-1.7.9.tgz not in flight; adding
47 verbose addTmpTarball already have metadata; skipping unpack for bower@1.7.9
48 verbose correctMkdir /home/riteshs/.npm correctMkdir not in flight; initializing
49 silly cache afterAdd bower@1.7.9
50 verbose afterAdd /home/riteshs/.npm/bower/1.7.9/package/package.json not in flight; writing
51 verbose correctMkdir /home/riteshs/.npm correctMkdir not in flight; initializing
52 verbose afterAdd /home/riteshs/.npm/bower/1.7.9/package/package.json written
53 silly install resolved [ { name: 'bower',
53 silly install resolved     version: '1.7.9',
53 silly install resolved     description: 'The browser package manager',
53 silly install resolved     author: { name: 'Twitter' },
53 silly install resolved     license: 'MIT',
53 silly install resolved     repository: { type: 'git', url: 'git+https://github.com/bower/bower.git' },
53 silly install resolved     main: 'lib',
53 silly install resolved     bin: { bower: 'bin/bower' },
53 silly install resolved     homepage: 'http://bower.io',
53 silly install resolved     engines: { node: '>=0.10.0' },
53 silly install resolved     keywords: [ 'bower' ],
53 silly install resolved     files: [ 'bin', 'lib' ],
53 silly install resolved     bugs: { url: 'https://github.com/bower/bower/issues' },
53 silly install resolved     _id: 'bower@1.7.9',
53 silly install resolved     scripts: {},
53 silly install resolved     _shasum: 'b7296c2393e0d75edaa6ca39648132dd255812b0',
53 silly install resolved     _from: 'bower@latest',
53 silly install resolved     _npmVersion: '3.7.3',
53 silly install resolved     _nodeVersion: '5.9.0',
53 silly install resolved     _npmUser: { name: 'sheerun', email: 'sheerun@sher.pl' },
53 silly install resolved     dist:
53 silly install resolved      { shasum: 'b7296c2393e0d75edaa6ca39648132dd255812b0',
53 silly install resolved        tarball: 'https://registry.npmjs.org/bower/-/bower-1.7.9.tgz' },
53 silly install resolved     maintainers:
53 silly install resolved      [ [Object],
53 silly install resolved        [Object],
53 silly install resolved        [Object],
53 silly install resolved        [Object],
53 silly install resolved        [Object],
53 silly install resolved        [Object],
53 silly install resolved        [Object] ],
53 silly install resolved     _npmOperationalInternal:
53 silly install resolved      { host: 'packages-12-west.internal.npmjs.com',
53 silly install resolved        tmp: 'tmp/bower-1.7.9.tgz_1459857239351_0.9720134933013469' },
53 silly install resolved     directories: {},
53 silly install resolved     _resolved: 'https://registry.npmjs.org/bower/-/bower-1.7.9.tgz' } ]
54 info install bower@1.7.9 into /usr/lib
55 info installOne bower@1.7.9
56 verbose installOne of bower to /usr/lib not in flight; installing
57 verbose correctMkdir /home/riteshs/.npm/_locks correctMkdir not in flight; initializing
58 verbose makeDirectory /home/riteshs/.npm/_locks creation not in flight; initializing
59 silly makeDirectory /home/riteshs/.npm/_locks uid: 1010 gid: 1010
60 verbose lock using /home/riteshs/.npm/_locks/bower-f46d670cb56ecd4d.lock for /usr/lib/node_modules/bower
61 silly install write writing bower 1.7.9 to /usr/lib/node_modules/bower
62 verbose unbuild lib/node_modules/bower
63 silly gentlyRm /usr/lib/node_modules/bower is being purged from base /usr
64 verbose gentlyRm don't care about contents; nuking /usr/lib/node_modules/bower
65 verbose tar unpack /home/riteshs/.npm/bower/1.7.9/package.tgz
66 verbose tar unpacking to /usr/lib/node_modules/bower
67 silly gentlyRm /usr/lib/node_modules/bower is being purged
68 verbose gentlyRm don't care about contents; nuking /usr/lib/node_modules/bower
69 silly gunzTarPerm modes [ '775', '664' ]
70 error tar.unpack untar error /home/riteshs/.npm/bower/1.7.9/package.tgz
71 verbose unlock done using /home/riteshs/.npm/_locks/bower-f46d670cb56ecd4d.lock for /usr/lib/node_modules/bower
72 verbose fstream_path /usr/lib/node_modules/bower
73 verbose fstream_type Directory
74 verbose fstream_class DirWriter
75 verbose stack Error: EACCES, mkdir '/usr/lib/node_modules/bower'
75 verbose stack     at Error (native)
76 verbose fstream_stack /usr/lib/node_modules/npm/node_modules/fstream/lib/dir-writer.js:35:25
76 verbose fstream_stack /usr/lib/node_modules/npm/node_modules/mkdirp/index.js:47:53
76 verbose fstream_stack FSReqWrap.oncomplete (fs.js:95:15)
77 verbose cwd /home/riteshs/projects/PdfReader
78 error Linux 4.2.0-34-generic
79 error argv "/usr/bin/node" "/usr/bin/npm" "install" "-g" "bower"
80 error node v0.12.13
81 error npm  v2.15.0
82 error path /usr/lib/node_modules/bower
83 error code EACCES
84 error errno -13
85 error Error: EACCES, mkdir '/usr/lib/node_modules/bower'
85 error     at Error (native)
85 error  { [Error: EACCES, mkdir '/usr/lib/node_modules/bower']
85 error   errno: -13,
85 error   code: 'EACCES',
85 error   path: '/usr/lib/node_modules/bower',
85 error   fstream_type: 'Directory',
85 error   fstream_path: '/usr/lib/node_modules/bower',
85 error   fstream_class: 'DirWriter',
85 error   fstream_stack:
85 error    [ '/usr/lib/node_modules/npm/node_modules/fstream/lib/dir-writer.js:35:25',
85 error      '/usr/lib/node_modules/npm/node_modules/mkdirp/index.js:47:53',
85 error      'FSReqWrap.oncomplete (fs.js:95:15)' ] }
86 error Please try running this command again as root/Administrator.
87 verbose exit [ -13, true ]
88 verbose unbuild lib/node_modules/bower
89 silly gentlyRm /usr/lib/node_modules/bower is being purged from base /usr
90 verbose gentlyRm don't care about contents; nuking /usr/lib/node_modules/bower
